<?xml version="1.0" encoding="UTF-8"?>
<!-- Generated by org.testng.reporters.JUnitReportReporter -->
<testsuite hostname="LAPTOP-44BJI9MK" failures="0" tests="1" name="testMaven.MavenJava.RESTApiTest" time="0.011" errors="0" timestamp="2022-02-24T17:28:27 IST" skipped="0">
  <testcase classname="testMaven.MavenJava.RESTApiTest" name="postJira" time="0.011"/>
  <system-out/>
</testsuite> <!-- testMaven.MavenJava.RESTApiTest -->
