<?xml version="1.0" encoding="UTF-8"?>
<!-- Generated by org.testng.reporters.JUnitReportReporter -->
<testsuite hostname="LAPTOP-44BJI9MK" failures="0" tests="1" name="testMaven.MavenJava.SeleniumATest" time="14.011" errors="0" timestamp="2024-01-08T01:31:22 IST" skipped="0">
  <testcase classname="testMaven.MavenJava.SeleniumATest" name="getData" time="14.011"/>
  <system-out/>
</testsuite> <!-- testMaven.MavenJava.SeleniumATest -->
