<?xml version="1.0" encoding="UTF-8"?>
<!-- Generated by org.testng.reporters.JUnitReportReporter -->
<testsuite hostname="LAPTOP-44BJI9MK" failures="0" tests="2" name="testMaven.MavenJava.AppiumTest" time="0.001" errors="0" timestamp="2022-02-26T16:45:52 IST" skipped="0">
  <testcase classname="testMaven.MavenJava.AppiumTest" name="androidApps" time="0.000"/>
  <system-out/>
  <testcase classname="testMaven.MavenJava.AppiumTest" name="IOSApps" time="0.001"/>
  <system-out/>
</testsuite> <!-- testMaven.MavenJava.AppiumTest -->
